{"C:\\Users\\PGS.18\\Desktop\\react-auth\\src\\inversify.config.ts": {"path":"C:\\Users\\PGS.18\\Desktop\\react-auth\\src\\inversify.config.ts","statementMap":{"0":{"start":{"line":1,"column":0},"end":{"line":1,"column":26}},"1":{"start":{"line":2,"column":0},"end":{"line":2,"column":38}},"2":{"start":{"line":3,"column":0},"end":{"line":3,"column":65}},"3":{"start":{"line":6,"column":13},"end":{"line":9,"column":2}},"4":{"start":{"line":11,"column":18},"end":{"line":11,"column":33}},"5":{"start":{"line":14,"column":9},"end":{"line":14,"column":18}},"6":{"start":{"line":12,"column":0},"end":{"line":12,"column":71}},"7":{"start":{"line":13,"column":0},"end":{"line":13,"column":80}}},"fnMap":{},"branchMap":{},"s":{"0":3,"1":3,"2":3,"3":3,"4":3,"5":3,"6":3,"7":3},"f":{},"b":{}}
,"C:\\Users\\PGS.18\\Desktop\\react-auth\\src\\services.ts": {"path":"C:\\Users\\PGS.18\\Desktop\\react-auth\\src\\services.ts","statementMap":{"0":{"start":{"line":1,"column":0},"end":{"line":1,"column":39}},"1":{"start":{"line":3,"column":0},"end":{"line":3,"column":34}},"2":{"start":{"line":4,"column":0},"end":{"line":4,"column":87}},"3":{"start":{"line":12,"column":28},"end":{"line":16,"column":null}},"4":{"start":{"line":14,"column":4},"end":{"line":14,"column":49}},"5":{"start":{"line":12,"column":13},"end":{"line":16,"column":null}},"6":{"start":{"line":20,"column":28},"end":{"line":24,"column":null}},"7":{"start":{"line":22,"column":4},"end":{"line":22,"column":65}},"8":{"start":{"line":20,"column":13},"end":{"line":24,"column":null}},"9":{"start":{"line":27,"column":31},"end":{"line":40,"column":null}},"10":{"start":{"line":29,"column":4},"end":{"line":29,"column":51}},"11":{"start":{"line":32,"column":4},"end":{"line":32,"column":43}},"12":{"start":{"line":35,"column":4},"end":{"line":35,"column":36}},"13":{"start":{"line":38,"column":4},"end":{"line":38,"column":null}},"14":{"start":{"line":27,"column":13},"end":{"line":40,"column":null}}},"fnMap":{"0":{"name":"(anonymous_2)","decl":{"start":{"line":13,"column":2},"end":{"line":13,"column":10}},"loc":{"start":{"line":13,"column":57},"end":{"line":15,"column":3}}},"1":{"name":"(anonymous_3)","decl":{"start":{"line":21,"column":2},"end":{"line":21,"column":10}},"loc":{"start":{"line":21,"column":21},"end":{"line":23,"column":3}}},"2":{"name":"(anonymous_4)","decl":{"start":{"line":28,"column":2},"end":{"line":28,"column":13}},"loc":{"start":{"line":28,"column":47},"end":{"line":30,"column":3}}},"3":{"name":"(anonymous_5)","decl":{"start":{"line":31,"column":2},"end":{"line":31,"column":10}},"loc":{"start":{"line":31,"column":23},"end":{"line":33,"column":3}}},"4":{"name":"(anonymous_6)","decl":{"start":{"line":34,"column":2},"end":{"line":34,"column":10}},"loc":{"start":{"line":34,"column":10},"end":{"line":36,"column":3}}},"5":{"name":"(anonymous_7)","decl":{"start":{"line":37,"column":2},"end":{"line":37,"column":8}},"loc":{"start":{"line":37,"column":8},"end":{"line":39,"column":3}}}},"branchMap":{},"s":{"0":4,"1":4,"2":4,"3":4,"4":2,"5":4,"6":4,"7":0,"8":4,"9":4,"10":1,"11":1,"12":1,"13":1,"14":4},"f":{"0":2,"1":0,"2":1,"3":1,"4":1,"5":1},"b":{}}
,"C:\\Users\\PGS.18\\Desktop\\react-auth\\src\\components\\form\\LoginForm.tsx": {"path":"C:\\Users\\PGS.18\\Desktop\\react-auth\\src\\components\\form\\LoginForm.tsx","statementMap":{"0":{"start":{"line":1,"column":0},"end":{"line":1,"column":41}},"1":{"start":{"line":2,"column":0},"end":{"line":2,"column":47}},"2":{"start":{"line":3,"column":0},"end":{"line":3,"column":72}},"3":{"start":{"line":4,"column":0},"end":{"line":4,"column":42}},"4":{"start":{"line":5,"column":0},"end":{"line":5,"column":42}},"5":{"start":{"line":7,"column":0},"end":{"line":7,"column":48}},"6":{"start":{"line":14,"column":44},"end":{"line":98,"column":1}},"7":{"start":{"line":15,"column":18},"end":{"line":15,"column":70}},"8":{"start":{"line":15,"column":46},"end":{"line":15,"column":69}},"9":{"start":{"line":21,"column":6},"end":{"line":21,"column":45}},"10":{"start":{"line":23,"column":19},"end":{"line":23,"column":32}},"11":{"start":{"line":25,"column":23},"end":{"line":28,"column":3}},"12":{"start":{"line":26,"column":4},"end":{"line":26,"column":23}},"13":{"start":{"line":27,"column":4},"end":{"line":27,"column":64}},"14":{"start":{"line":29,"column":2},"end":{"line":34,"column":23}},"15":{"start":{"line":30,"column":4},"end":{"line":33,"column":null}},"16":{"start":{"line":31,"column":6},"end":{"line":31,"column":14}},"17":{"start":{"line":32,"column":6},"end":{"line":32,"column":20}},"18":{"start":{"line":36,"column":2},"end":{"line":97,"column":4}},"19":{"start":{"line":100,"column":0},"end":{"line":100,"column":25}}},"fnMap":{"0":{"name":"(anonymous_0)","decl":{"start":{"line":14,"column":44},"end":{"line":14,"column":45}},"loc":{"start":{"line":14,"column":70},"end":{"line":98,"column":1}}},"1":{"name":"(anonymous_1)","decl":{"start":{"line":15,"column":30},"end":{"line":15,"column":31}},"loc":{"start":{"line":15,"column":46},"end":{"line":15,"column":69}}},"2":{"name":"(anonymous_2)","decl":{"start":{"line":25,"column":23},"end":{"line":25,"column":24}},"loc":{"start":{"line":25,"column":63},"end":{"line":28,"column":3}}},"3":{"name":"(anonymous_3)","decl":{"start":{"line":29,"column":12},"end":{"line":29,"column":15}},"loc":{"start":{"line":29,"column":17},"end":{"line":34,"column":3}}}},"branchMap":{"0":{"loc":{"start":{"line":30,"column":4},"end":{"line":33,"column":null}},"type":"if","locations":[{"start":{"line":30,"column":4},"end":{"line":33,"column":null}}]},"1":{"loc":{"start":{"line":30,"column":8},"end":{"line":30,"column":66}},"type":"binary-expr","locations":[{"start":{"line":30,"column":8},"end":{"line":30,"column":32}},{"start":{"line":30,"column":36},"end":{"line":30,"column":66}}]},"2":{"loc":{"start":{"line":47,"column":16},"end":{"line":47,"column":77}},"type":"binary-expr","locations":[{"start":{"line":47,"column":16},"end":{"line":47,"column":49}},{"start":{"line":47,"column":53},"end":{"line":47,"column":77}}]},"3":{"loc":{"start":{"line":66,"column":16},"end":{"line":66,"column":77}},"type":"binary-expr","locations":[{"start":{"line":66,"column":16},"end":{"line":66,"column":49}},{"start":{"line":66,"column":53},"end":{"line":66,"column":77}}]},"4":{"loc":{"start":{"line":86,"column":15},"end":{"line":89,"column":null}},"type":"cond-expr","locations":[{"start":{"line":87,"column":16},"end":{"line":87,"column":62}},{"start":{"line":89,"column":16},"end":{"line":89,"column":24}}]}},"s":{"0":2,"1":2,"2":2,"3":2,"4":2,"5":2,"6":2,"7":4,"8":4,"9":4,"10":4,"11":4,"12":1,"13":1,"14":4,"15":4,"16":0,"17":0,"18":4,"19":2},"f":{"0":4,"1":4,"2":1,"3":4},"b":{"0":[0],"1":[4,4],"2":[4,0],"3":[4,0],"4":[0,4]}}
,"C:\\Users\\PGS.18\\Desktop\\react-auth\\src\\components\\navbar\\TheLogin.tsx": {"path":"C:\\Users\\PGS.18\\Desktop\\react-auth\\src\\components\\navbar\\TheLogin.tsx","statementMap":{"0":{"start":{"line":2,"column":0},"end":{"line":2,"column":39}},"1":{"start":{"line":3,"column":0},"end":{"line":3,"column":47}},"2":{"start":{"line":6,"column":37},"end":{"line":22,"column":1}},"3":{"start":{"line":7,"column":19},"end":{"line":7,"column":32}},"4":{"start":{"line":9,"column":22},"end":{"line":11,"column":3}},"5":{"start":{"line":10,"column":4},"end":{"line":10,"column":23}},"6":{"start":{"line":13,"column":2},"end":{"line":19,"column":4}},"7":{"start":{"line":24,"column":0},"end":{"line":24,"column":24}}},"fnMap":{"0":{"name":"(anonymous_0)","decl":{"start":{"line":6,"column":37},"end":{"line":6,"column":38}},"loc":{"start":{"line":6,"column":50},"end":{"line":22,"column":1}}},"1":{"name":"(anonymous_1)","decl":{"start":{"line":9,"column":22},"end":{"line":9,"column":25}},"loc":{"start":{"line":9,"column":27},"end":{"line":11,"column":3}}}},"branchMap":{"0":{"loc":{"start":{"line":15,"column":39},"end":{"line":15,"column":69}},"type":"cond-expr","locations":[{"start":{"line":15,"column":46},"end":{"line":15,"column":55}},{"start":{"line":15,"column":58},"end":{"line":15,"column":69}}]},"1":{"loc":{"start":{"line":16,"column":9},"end":{"line":16,"column":30}},"type":"cond-expr","locations":[{"start":{"line":16,"column":16},"end":{"line":16,"column":20}},{"start":{"line":16,"column":23},"end":{"line":16,"column":30}}]}},"s":{"0":2,"1":2,"2":2,"3":3,"4":3,"5":0,"6":3,"7":2},"f":{"0":3,"1":0},"b":{"0":[1,2],"1":[1,2]}}
,"C:\\Users\\PGS.18\\Desktop\\react-auth\\src\\components\\navbar\\TheLogout.tsx": {"path":"C:\\Users\\PGS.18\\Desktop\\react-auth\\src\\components\\navbar\\TheLogout.tsx","statementMap":{"0":{"start":{"line":2,"column":0},"end":{"line":2,"column":39}},"1":{"start":{"line":3,"column":0},"end":{"line":3,"column":47}},"2":{"start":{"line":5,"column":0},"end":{"line":5,"column":65}},"3":{"start":{"line":10,"column":38},"end":{"line":28,"column":1}},"4":{"start":{"line":12,"column":21},"end":{"line":12,"column":75}},"5":{"start":{"line":13,"column":19},"end":{"line":13,"column":32}},"6":{"start":{"line":15,"column":23},"end":{"line":18,"column":3}},"7":{"start":{"line":16,"column":4},"end":{"line":16,"column":null}},"8":{"start":{"line":17,"column":4},"end":{"line":17,"column":null}},"9":{"start":{"line":19,"column":2},"end":{"line":27,"column":4}},"10":{"start":{"line":30,"column":0},"end":{"line":30,"column":25}}},"fnMap":{"0":{"name":"(anonymous_0)","decl":{"start":{"line":10,"column":38},"end":{"line":10,"column":39}},"loc":{"start":{"line":10,"column":51},"end":{"line":28,"column":1}}},"1":{"name":"(anonymous_1)","decl":{"start":{"line":15,"column":23},"end":{"line":15,"column":26}},"loc":{"start":{"line":15,"column":28},"end":{"line":18,"column":3}}}},"branchMap":{"0":{"loc":{"start":{"line":21,"column":7},"end":{"line":24,"column":null}},"type":"binary-expr","locations":[{"start":{"line":21,"column":7},"end":{"line":21,"column":11}},{"start":{"line":22,"column":8},"end":{"line":22,"column":null}}]}},"s":{"0":2,"1":2,"2":2,"3":2,"4":3,"5":3,"6":3,"7":1,"8":1,"9":3,"10":2},"f":{"0":3,"1":1},"b":{"0":[3,2]}}
,"C:\\Users\\PGS.18\\Desktop\\react-auth\\src\\components\\navbar\\TheNavbar.tsx": {"path":"C:\\Users\\PGS.18\\Desktop\\react-auth\\src\\components\\navbar\\TheNavbar.tsx","statementMap":{"0":{"start":{"line":1,"column":0},"end":{"line":1,"column":42}},"1":{"start":{"line":2,"column":0},"end":{"line":2,"column":36}},"2":{"start":{"line":3,"column":0},"end":{"line":3,"column":44}},"3":{"start":{"line":4,"column":0},"end":{"line":4,"column":34}},"4":{"start":{"line":5,"column":0},"end":{"line":5,"column":42}},"5":{"start":{"line":6,"column":0},"end":{"line":6,"column":36}},"6":{"start":{"line":7,"column":0},"end":{"line":7,"column":34}},"7":{"start":{"line":9,"column":0},"end":{"line":9,"column":65}},"8":{"start":{"line":12,"column":15},"end":{"line":12,"column":64}},"9":{"start":{"line":12,"column":43},"end":{"line":12,"column":63}},"10":{"start":{"line":13,"column":21},"end":{"line":13,"column":75}},"11":{"start":{"line":15,"column":2},"end":{"line":20,"column":9}},"12":{"start":{"line":16,"column":18},"end":{"line":16,"column":47}},"13":{"start":{"line":17,"column":4},"end":{"line":19,"column":null}},"14":{"start":{"line":18,"column":6},"end":{"line":18,"column":33}},"15":{"start":{"line":22,"column":2},"end":{"line":31,"column":4}},"16":{"start":{"line":11,"column":0},"end":{"line":11,"column":24}}},"fnMap":{"0":{"name":"TheNavbar","decl":{"start":{"line":11,"column":24},"end":{"line":11,"column":33}},"loc":{"start":{"line":11,"column":33},"end":{"line":32,"column":1}}},"1":{"name":"(anonymous_2)","decl":{"start":{"line":12,"column":27},"end":{"line":12,"column":28}},"loc":{"start":{"line":12,"column":43},"end":{"line":12,"column":63}}},"2":{"name":"(anonymous_3)","decl":{"start":{"line":15,"column":12},"end":{"line":15,"column":15}},"loc":{"start":{"line":15,"column":17},"end":{"line":20,"column":3}}}},"branchMap":{"0":{"loc":{"start":{"line":17,"column":4},"end":{"line":19,"column":null}},"type":"if","locations":[{"start":{"line":17,"column":4},"end":{"line":19,"column":null}}]}},"s":{"0":1,"1":1,"2":1,"3":1,"4":1,"5":1,"6":1,"7":1,"8":1,"9":1,"10":1,"11":1,"12":1,"13":1,"14":1,"15":1,"16":1},"f":{"0":1,"1":1,"2":1},"b":{"0":[1]}}
,"C:\\Users\\PGS.18\\Desktop\\react-auth\\src\\components\\ui\\TheSnackbar.tsx": {"path":"C:\\Users\\PGS.18\\Desktop\\react-auth\\src\\components\\ui\\TheSnackbar.tsx","statementMap":{"0":{"start":{"line":1,"column":0},"end":{"line":1,"column":60}},"1":{"start":{"line":2,"column":0},"end":{"line":2,"column":42}},"2":{"start":{"line":3,"column":0},"end":{"line":3,"column":46}},"3":{"start":{"line":4,"column":0},"end":{"line":4,"column":50}},"4":{"start":{"line":5,"column":0},"end":{"line":5,"column":50}},"5":{"start":{"line":12,"column":48},"end":{"line":61,"column":1}},"6":{"start":{"line":13,"column":26},"end":{"line":13,"column":41}},"7":{"start":{"line":15,"column":2},"end":{"line":19,"column":16}},"8":{"start":{"line":16,"column":4},"end":{"line":18,"column":null}},"9":{"start":{"line":17,"column":6},"end":{"line":17,"column":20}},"10":{"start":{"line":21,"column":22},"end":{"line":25,"column":3}},"11":{"start":{"line":24,"column":4},"end":{"line":24,"column":19}},"12":{"start":{"line":28,"column":4},"end":{"line":39,"column":null}},"13":{"start":{"line":43,"column":2},"end":{"line":60,"column":4}},"14":{"start":{"line":63,"column":0},"end":{"line":63,"column":27}}},"fnMap":{"0":{"name":"(anonymous_1)","decl":{"start":{"line":12,"column":48},"end":{"line":12,"column":49}},"loc":{"start":{"line":12,"column":64},"end":{"line":61,"column":1}}},"1":{"name":"(anonymous_2)","decl":{"start":{"line":15,"column":12},"end":{"line":15,"column":15}},"loc":{"start":{"line":15,"column":17},"end":{"line":19,"column":3}}},"2":{"name":"(anonymous_3)","decl":{"start":{"line":21,"column":22},"end":{"line":21,"column":null}},"loc":{"start":{"line":23,"column":6},"end":{"line":25,"column":3}}}},"branchMap":{"0":{"loc":{"start":{"line":16,"column":4},"end":{"line":18,"column":null}},"type":"if","locations":[{"start":{"line":16,"column":4},"end":{"line":18,"column":null}}]}},"s":{"0":1,"1":1,"2":1,"3":1,"4":1,"5":1,"6":2,"7":2,"8":2,"9":0,"10":2,"11":0,"12":2,"13":2,"14":1},"f":{"0":2,"1":2,"2":0},"b":{"0":[0]}}
,"C:\\Users\\PGS.18\\Desktop\\react-auth\\src\\components\\users\\User.tsx": {"path":"C:\\Users\\PGS.18\\Desktop\\react-auth\\src\\components\\users\\User.tsx","statementMap":{"0":{"start":{"line":1,"column":0},"end":{"line":1,"column":50}},"1":{"start":{"line":4,"column":43},"end":{"line":7,"column":null}},"2":{"start":{"line":5,"column":2},"end":{"line":6,"column":null}},"3":{"start":{"line":10,"column":0},"end":{"line":10,"column":20}}},"fnMap":{"0":{"name":"(anonymous_0)","decl":{"start":{"line":4,"column":43},"end":{"line":4,"column":44}},"loc":{"start":{"line":5,"column":2},"end":{"line":6,"column":null}}}},"branchMap":{},"s":{"0":3,"1":3,"2":4,"3":3},"f":{"0":4},"b":{}}
,"C:\\Users\\PGS.18\\Desktop\\react-auth\\src\\components\\users\\UserList.tsx": {"path":"C:\\Users\\PGS.18\\Desktop\\react-auth\\src\\components\\users\\UserList.tsx","statementMap":{"0":{"start":{"line":2,"column":0},"end":{"line":2,"column":26}},"1":{"start":{"line":4,"column":50},"end":{"line":9,"column":null}},"2":{"start":{"line":5,"column":2},"end":{"line":8,"column":null}},"3":{"start":{"line":7,"column":6},"end":{"line":7,"column":24}},"4":{"start":{"line":12,"column":0},"end":{"line":12,"column":24}}},"fnMap":{"0":{"name":"(anonymous_1)","decl":{"start":{"line":4,"column":50},"end":{"line":4,"column":51}},"loc":{"start":{"line":5,"column":2},"end":{"line":8,"column":null}}},"1":{"name":"(anonymous_2)","decl":{"start":{"line":6,"column":15},"end":{"line":6,"column":16}},"loc":{"start":{"line":7,"column":6},"end":{"line":7,"column":24}}}},"branchMap":{},"s":{"0":2,"1":2,"2":4,"3":3,"4":2},"f":{"0":4,"1":3},"b":{}}
,"C:\\Users\\PGS.18\\Desktop\\react-auth\\src\\pages\\Error.tsx": {"path":"C:\\Users\\PGS.18\\Desktop\\react-auth\\src\\pages\\Error.tsx","statementMap":{"0":{"start":{"line":4,"column":2},"end":{"line":12,"column":4}},"1":{"start":{"line":15,"column":0},"end":{"line":15,"column":21}}},"fnMap":{"0":{"name":"Error","decl":{"start":{"line":3,"column":9},"end":{"line":3,"column":14}},"loc":{"start":{"line":3,"column":14},"end":{"line":13,"column":1}}}},"branchMap":{},"s":{"0":1,"1":1},"f":{"0":1},"b":{}}
,"C:\\Users\\PGS.18\\Desktop\\react-auth\\src\\pages\\Home.tsx": {"path":"C:\\Users\\PGS.18\\Desktop\\react-auth\\src\\pages\\Home.tsx","statementMap":{"0":{"start":{"line":1,"column":0},"end":{"line":1,"column":62}},"1":{"start":{"line":3,"column":0},"end":{"line":3,"column":35}},"2":{"start":{"line":4,"column":0},"end":{"line":4,"column":42}},"3":{"start":{"line":5,"column":0},"end":{"line":5,"column":47}},"4":{"start":{"line":6,"column":0},"end":{"line":6,"column":52}},"5":{"start":{"line":15,"column":21},"end":{"line":15,"column":75}},"6":{"start":{"line":16,"column":16},"end":{"line":16,"column":66}},"7":{"start":{"line":16,"column":44},"end":{"line":16,"column":65}},"8":{"start":{"line":18,"column":25},"end":{"line":18,"column":54}},"9":{"start":{"line":19,"column":19},"end":{"line":19,"column":32}},"10":{"start":{"line":21,"column":2},"end":{"line":26,"column":9}},"11":{"start":{"line":22,"column":4},"end":{"line":22,"column":26}},"12":{"start":{"line":23,"column":4},"end":{"line":25,"column":null}},"13":{"start":{"line":24,"column":6},"end":{"line":24,"column":25}},"14":{"start":{"line":28,"column":2},"end":{"line":28,"column":36}},"15":{"start":{"line":31,"column":0},"end":{"line":31,"column":20}}},"fnMap":{"0":{"name":"Home","decl":{"start":{"line":14,"column":9},"end":{"line":14,"column":13}},"loc":{"start":{"line":14,"column":13},"end":{"line":29,"column":1}}},"1":{"name":"(anonymous_2)","decl":{"start":{"line":16,"column":28},"end":{"line":16,"column":29}},"loc":{"start":{"line":16,"column":44},"end":{"line":16,"column":65}}},"2":{"name":"(anonymous_3)","decl":{"start":{"line":21,"column":12},"end":{"line":21,"column":15}},"loc":{"start":{"line":21,"column":17},"end":{"line":26,"column":3}}}},"branchMap":{"0":{"loc":{"start":{"line":23,"column":4},"end":{"line":25,"column":null}},"type":"if","locations":[{"start":{"line":23,"column":4},"end":{"line":25,"column":null}}]}},"s":{"0":1,"1":1,"2":1,"3":1,"4":1,"5":3,"6":3,"7":3,"8":3,"9":3,"10":3,"11":3,"12":3,"13":2,"14":3,"15":1},"f":{"0":3,"1":3,"2":3},"b":{"0":[2]}}
,"C:\\Users\\PGS.18\\Desktop\\react-auth\\src\\pages\\Login.tsx": {"path":"C:\\Users\\PGS.18\\Desktop\\react-auth\\src\\pages\\Login.tsx","statementMap":{"0":{"start":{"line":2,"column":0},"end":{"line":2,"column":42}},"1":{"start":{"line":3,"column":0},"end":{"line":3,"column":62}},"2":{"start":{"line":5,"column":0},"end":{"line":5,"column":55}},"3":{"start":{"line":6,"column":0},"end":{"line":6,"column":53}},"4":{"start":{"line":8,"column":28},"end":{"line":27,"column":1}},"5":{"start":{"line":9,"column":22},"end":{"line":9,"column":66}},"6":{"start":{"line":9,"column":50},"end":{"line":9,"column":65}},"7":{"start":{"line":10,"column":21},"end":{"line":10,"column":75}},"8":{"start":{"line":11,"column":17},"end":{"line":11,"column":65}},"9":{"start":{"line":13,"column":23},"end":{"line":15,"column":3}},"10":{"start":{"line":14,"column":4},"end":{"line":14,"column":47}},"11":{"start":{"line":18,"column":2},"end":{"line":26,"column":4}},"12":{"start":{"line":29,"column":0},"end":{"line":29,"column":25}}},"fnMap":{"0":{"name":"(anonymous_1)","decl":{"start":{"line":8,"column":28},"end":{"line":8,"column":31}},"loc":{"start":{"line":8,"column":33},"end":{"line":27,"column":1}}},"1":{"name":"(anonymous_2)","decl":{"start":{"line":9,"column":34},"end":{"line":9,"column":35}},"loc":{"start":{"line":9,"column":50},"end":{"line":9,"column":65}}},"2":{"name":"(anonymous_3)","decl":{"start":{"line":13,"column":23},"end":{"line":13,"column":24}},"loc":{"start":{"line":13,"column":62},"end":{"line":15,"column":3}}}},"branchMap":{},"s":{"0":1,"1":1,"2":1,"3":1,"4":1,"5":2,"6":2,"7":2,"8":2,"9":2,"10":0,"11":2,"12":1},"f":{"0":2,"1":2,"2":0},"b":{}}
,"C:\\Users\\PGS.18\\Desktop\\react-auth\\src\\store\\index.ts": {"path":"C:\\Users\\PGS.18\\Desktop\\react-auth\\src\\store\\index.ts","statementMap":{"0":{"start":{"line":1,"column":0},"end":{"line":1,"column":50}},"1":{"start":{"line":2,"column":0},"end":{"line":2,"column":39}},"2":{"start":{"line":4,"column":14},"end":{"line":8,"column":2}},"3":{"start":{"line":10,"column":0},"end":{"line":10,"column":21}}},"fnMap":{},"branchMap":{},"s":{"0":6,"1":6,"2":6,"3":6},"f":{},"b":{}}
,"C:\\Users\\PGS.18\\Desktop\\react-auth\\src\\store\\Auth\\index.ts": {"path":"C:\\Users\\PGS.18\\Desktop\\react-auth\\src\\store\\Auth\\index.ts","statementMap":{"0":{"start":{"line":1,"column":0},"end":{"line":1,"column":62}},"1":{"start":{"line":2,"column":0},"end":{"line":2,"column":26}},"2":{"start":{"line":6,"column":32},"end":{"line":12,"column":2}},"3":{"start":{"line":14,"column":18},"end":{"line":46,"column":2}},"4":{"start":{"line":19,"column":6},"end":{"line":19,"column":35}},"5":{"start":{"line":22,"column":6},"end":{"line":22,"column":27}},"6":{"start":{"line":23,"column":6},"end":{"line":23,"column":27}},"7":{"start":{"line":26,"column":27},"end":{"line":26,"column":41}},"8":{"start":{"line":27,"column":6},"end":{"line":27,"column":28}},"9":{"start":{"line":28,"column":6},"end":{"line":28,"column":33}},"10":{"start":{"line":29,"column":6},"end":{"line":29,"column":31}},"11":{"start":{"line":30,"column":6},"end":{"line":30,"column":75}},"12":{"start":{"line":31,"column":6},"end":{"line":31,"column":48}},"13":{"start":{"line":35,"column":6},"end":{"line":35,"column":28}},"14":{"start":{"line":36,"column":6},"end":{"line":36,"column":37}},"15":{"start":{"line":39,"column":6},"end":{"line":39,"column":28}},"16":{"start":{"line":40,"column":6},"end":{"line":40,"column":24}},"17":{"start":{"line":41,"column":6},"end":{"line":41,"column":25}},"18":{"start":{"line":42,"column":6},"end":{"line":42,"column":35}},"19":{"start":{"line":43,"column":6},"end":{"line":43,"column":39}},"20":{"start":{"line":48,"column":13},"end":{"line":48,"column":null}},"21":{"start":{"line":51,"column":25},"end":{"line":80,"column":1}},"22":{"start":{"line":52,"column":2},"end":{"line":79,"column":4}},"23":{"start":{"line":53,"column":4},"end":{"line":53,"column":26}},"24":{"start":{"line":55,"column":4},"end":{"line":78,"column":null}},"25":{"start":{"line":56,"column":20},"end":{"line":56,"column":38}},"26":{"start":{"line":57,"column":19},"end":{"line":57,"column":54}},"27":{"start":{"line":58,"column":6},"end":{"line":74,"column":null}},"28":{"start":{"line":59,"column":8},"end":{"line":65,"column":null}},"29":{"start":{"line":60,"column":10},"end":{"line":60,"column":57}},"30":{"start":{"line":61,"column":10},"end":{"line":61,"column":22}},"31":{"start":{"line":63,"column":10},"end":{"line":63,"column":73}},"32":{"start":{"line":64,"column":10},"end":{"line":64,"column":23}},"33":{"start":{"line":67,"column":34},"end":{"line":71,"column":10}},"34":{"start":{"line":72,"column":25},"end":{"line":72,"column":47}},"35":{"start":{"line":73,"column":8},"end":{"line":73,"column":63}},"36":{"start":{"line":76,"column":6},"end":{"line":76,"column":43}},"37":{"start":{"line":77,"column":6},"end":{"line":77,"column":19}},"38":{"start":{"line":51,"column":13},"end":{"line":51,"column":25}},"39":{"start":{"line":83,"column":31},"end":{"line":92,"column":1}},"40":{"start":{"line":84,"column":2},"end":{"line":91,"column":4}},"41":{"start":{"line":85,"column":4},"end":{"line":90,"column":null}},"42":{"start":{"line":86,"column":17},"end":{"line":86,"column":39}},"43":{"start":{"line":87,"column":6},"end":{"line":87,"column":53}},"44":{"start":{"line":89,"column":6},"end":{"line":89,"column":43}},"45":{"start":{"line":83,"column":13},"end":{"line":83,"column":31}},"46":{"start":{"line":94,"column":29},"end":{"line":103,"column":1}},"47":{"start":{"line":95,"column":2},"end":{"line":102,"column":4}},"48":{"start":{"line":96,"column":4},"end":{"line":101,"column":null}},"49":{"start":{"line":97,"column":20},"end":{"line":97,"column":38}},"50":{"start":{"line":98,"column":6},"end":{"line":98,"column":35}},"51":{"start":{"line":100,"column":6},"end":{"line":100,"column":43}},"52":{"start":{"line":94,"column":13},"end":{"line":94,"column":29}},"53":{"start":{"line":105,"column":19},"end":{"line":108,"column":1}},"54":{"start":{"line":106,"column":19},"end":{"line":106,"column":65}},"55":{"start":{"line":107,"column":2},"end":{"line":107,"column":23}},"56":{"start":{"line":110,"column":27},"end":{"line":112,"column":1}},"57":{"start":{"line":111,"column":2},"end":{"line":111,"column":68}},"58":{"start":{"line":111,"column":40},"end":{"line":111,"column":66}},"59":{"start":{"line":114,"column":25},"end":{"line":116,"column":1}},"60":{"start":{"line":115,"column":2},"end":{"line":115,"column":36}},"61":{"start":{"line":118,"column":18},"end":{"line":123,"column":1}},"62":{"start":{"line":119,"column":19},"end":{"line":119,"column":65}},"63":{"start":{"line":120,"column":16},"end":{"line":120,"column":29}},"64":{"start":{"line":121,"column":15},"end":{"line":121,"column":67}},"65":{"start":{"line":121,"column":46},"end":{"line":121,"column":66}},"66":{"start":{"line":122,"column":2},"end":{"line":122,"column":14}},"67":{"start":{"line":125,"column":16},"end":{"line":128,"column":1}},"68":{"start":{"line":126,"column":19},"end":{"line":126,"column":72}},"69":{"start":{"line":127,"column":2},"end":{"line":127,"column":23}},"70":{"start":{"line":130,"column":0},"end":{"line":130,"column":33}}},"fnMap":{"0":{"name":"(anonymous_1)","decl":{"start":{"line":18,"column":4},"end":{"line":18,"column":15}},"loc":{"start":{"line":18,"column":49},"end":{"line":20,"column":5}}},"1":{"name":"(anonymous_2)","decl":{"start":{"line":21,"column":4},"end":{"line":21,"column":13}},"loc":{"start":{"line":21,"column":19},"end":{"line":24,"column":5}}},"2":{"name":"(anonymous_3)","decl":{"start":{"line":25,"column":4},"end":{"line":25,"column":15}},"loc":{"start":{"line":25,"column":49},"end":{"line":33,"column":5}}},"3":{"name":"(anonymous_4)","decl":{"start":{"line":34,"column":4},"end":{"line":34,"column":15}},"loc":{"start":{"line":34,"column":52},"end":{"line":37,"column":5}}},"4":{"name":"(anonymous_5)","decl":{"start":{"line":38,"column":4},"end":{"line":38,"column":14}},"loc":{"start":{"line":38,"column":20},"end":{"line":44,"column":5}}},"5":{"name":"(anonymous_6)","decl":{"start":{"line":51,"column":25},"end":{"line":51,"column":26}},"loc":{"start":{"line":51,"column":64},"end":{"line":80,"column":1}}},"6":{"name":"(anonymous_7)","decl":{"start":{"line":52,"column":9},"end":{"line":52,"column":14}},"loc":{"start":{"line":52,"column":38},"end":{"line":79,"column":3}}},"7":{"name":"(anonymous_8)","decl":{"start":{"line":83,"column":31},"end":{"line":83,"column":32}},"loc":{"start":{"line":83,"column":49},"end":{"line":92,"column":1}}},"8":{"name":"(anonymous_9)","decl":{"start":{"line":84,"column":9},"end":{"line":84,"column":14}},"loc":{"start":{"line":84,"column":38},"end":{"line":91,"column":3}}},"9":{"name":"(anonymous_10)","decl":{"start":{"line":94,"column":29},"end":{"line":94,"column":32}},"loc":{"start":{"line":94,"column":34},"end":{"line":103,"column":1}}},"10":{"name":"(anonymous_11)","decl":{"start":{"line":95,"column":9},"end":{"line":95,"column":14}},"loc":{"start":{"line":95,"column":38},"end":{"line":102,"column":3}}},"11":{"name":"(anonymous_12)","decl":{"start":{"line":105,"column":19},"end":{"line":105,"column":24}},"loc":{"start":{"line":105,"column":30},"end":{"line":108,"column":1}}},"12":{"name":"(anonymous_13)","decl":{"start":{"line":110,"column":27},"end":{"line":110,"column":28}},"loc":{"start":{"line":110,"column":67},"end":{"line":112,"column":1}}},"13":{"name":"(anonymous_14)","decl":{"start":{"line":111,"column":20},"end":{"line":111,"column":21}},"loc":{"start":{"line":111,"column":40},"end":{"line":111,"column":66}}},"14":{"name":"(anonymous_15)","decl":{"start":{"line":114,"column":25},"end":{"line":114,"column":26}},"loc":{"start":{"line":114,"column":62},"end":{"line":116,"column":1}}},"15":{"name":"(anonymous_16)","decl":{"start":{"line":118,"column":18},"end":{"line":118,"column":23}},"loc":{"start":{"line":118,"column":42},"end":{"line":123,"column":1}}},"16":{"name":"(anonymous_17)","decl":{"start":{"line":121,"column":26},"end":{"line":121,"column":27}},"loc":{"start":{"line":121,"column":46},"end":{"line":121,"column":66}}},"17":{"name":"(anonymous_18)","decl":{"start":{"line":125,"column":16},"end":{"line":125,"column":21}},"loc":{"start":{"line":125,"column":41},"end":{"line":128,"column":1}}}},"branchMap":{"0":{"loc":{"start":{"line":30,"column":22},"end":{"line":30,"column":74}},"type":"cond-expr","locations":[{"start":{"line":30,"column":41},"end":{"line":30,"column":59}},{"start":{"line":30,"column":62},"end":{"line":30,"column":74}}]},"1":{"loc":{"start":{"line":58,"column":6},"end":{"line":74,"column":null}},"type":"if","locations":[{"start":{"line":58,"column":6},"end":{"line":74,"column":null}},{"start":{"line":66,"column":13},"end":{"line":74,"column":null}}]},"2":{"loc":{"start":{"line":59,"column":8},"end":{"line":65,"column":null}},"type":"if","locations":[{"start":{"line":59,"column":8},"end":{"line":65,"column":null}},{"start":{"line":62,"column":15},"end":{"line":65,"column":null}}]}},"s":{"0":6,"1":6,"2":6,"3":6,"4":0,"5":0,"6":0,"7":0,"8":0,"9":0,"10":0,"11":0,"12":0,"13":0,"14":0,"15":0,"16":0,"17":0,"18":0,"19":0,"20":6,"21":6,"22":1,"23":0,"24":0,"25":0,"26":0,"27":0,"28":0,"29":0,"30":0,"31":0,"32":0,"33":0,"34":0,"35":0,"36":0,"37":0,"38":6,"39":6,"40":1,"41":0,"42":0,"43":0,"44":0,"45":6,"46":6,"47":1,"48":0,"49":0,"50":0,"51":0,"52":6,"53":6,"54":0,"55":0,"56":6,"57":0,"58":0,"59":6,"60":0,"61":6,"62":0,"63":0,"64":0,"65":0,"66":0,"67":6,"68":0,"69":0,"70":6},"f":{"0":0,"1":0,"2":0,"3":0,"4":0,"5":1,"6":0,"7":1,"8":0,"9":1,"10":0,"11":0,"12":0,"13":0,"14":0,"15":0,"16":0,"17":0},"b":{"0":[0,0],"1":[0,0],"2":[0,0]}}
}
